<?xml version="1.0" encoding="UTF-8"?>
<testng-results skipped="0" failed="0" ignored="0" total="1" passed="1">
  <reporter-output>
  </reporter-output>
  <suite name="Default suite" duration-ms="11812" started-at="2020-07-11T06:47:56Z" finished-at="2020-07-11T06:48:08Z">
    <groups>
    </groups>
    <test name="Default test" duration-ms="11812" started-at="2020-07-11T06:47:56Z" finished-at="2020-07-11T06:48:08Z">
      <class name="selenium.CheckImageProduct">
        <test-method status="PASS" signature="beforeTest()[pri:0, instance:selenium.CheckImageProduct@5b275dab]" name="beforeTest" is-config="true" duration-ms="1683" started-at="2020-07-11T06:47:56Z" finished-at="2020-07-11T06:47:57Z">
          <reporter-output>
          </reporter-output>
        </test-method> <!-- beforeTest -->
        <test-method status="PASS" signature="f()[pri:0, instance:selenium.CheckImageProduct@5b275dab]" name="f" duration-ms="10113" started-at="2020-07-11T06:47:57Z" finished-at="2020-07-11T06:48:08Z">
          <reporter-output>
          </reporter-output>
        </test-method> <!-- f -->
      </class> <!-- selenium.CheckImageProduct -->
    </test> <!-- Default test -->
  </suite> <!-- Default suite -->
</testng-results>
